<?xml version="1.0" encoding="UTF-8"?>
<testng-results skipped="0" failed="0" ignored="0" total="1" passed="1">
  <reporter-output>
  </reporter-output>
  <suite name="Default suite" duration-ms="1199" started-at="2018-09-13T13:30:59Z" finished-at="2018-09-13T13:31:00Z">
    <groups>
    </groups>
    <test name="Default test" duration-ms="1199" started-at="2018-09-13T13:30:59Z" finished-at="2018-09-13T13:31:00Z">
      <class name="com.qa.tests.GetAPITest">
        <test-method status="PASS" signature="setUp()[pri:0, instance:com.qa.tests.GetAPITest@3ffc5af1]" name="setUp" is-config="true" duration-ms="0" started-at="2018-09-13T13:30:59Z" finished-at="2018-09-13T13:30:59Z">
          <reporter-output>
          </reporter-output>
        </test-method> <!-- setUp -->
        <test-method status="PASS" signature="getAPITest()[pri:0, instance:com.qa.tests.GetAPITest@3ffc5af1]" name="getAPITest" duration-ms="1168" started-at="2018-09-13T13:30:59Z" finished-at="2018-09-13T13:31:00Z">
          <reporter-output>
          </reporter-output>
        </test-method> <!-- getAPITest -->
      </class> <!-- com.qa.tests.GetAPITest -->
    </test> <!-- Default test -->
  </suite> <!-- Default suite -->
</testng-results>
